{"numTotalTestSuites":2,"numPassedTestSuites":2,"numFailedTestSuites":0,"numPendingTestSuites":0,"numTotalTests":2,"numPassedTests":2,"numFailedTests":0,"numPendingTests":0,"numTodoTests":0,"snapshot":{"added":0,"failure":false,"filesAdded":0,"filesRemoved":0,"filesRemovedList":[],"filesUnmatched":0,"filesUpdated":0,"matched":0,"total":0,"unchecked":0,"uncheckedKeysByFile":[],"unmatched":0,"updated":0,"didUpdate":false},"startTime":1757114252929,"success":true,"testResults":[{"assertionResults":[{"ancestorTitles":["hello"],"fullName":"hello returns \"hi\" with no args","status":"passed","title":"returns \"hi\" with no args","duration":0.7710170000000005,"failureMessages":[],"meta":{}},{"ancestorTitles":["hello"],"fullName":"hello greets by name when provided","status":"passed","title":"greets by name when provided","duration":0.11092500000000882,"failureMessages":[],"meta":{}}],"startTime":1757114253181,"endTime":1757114253182.1108,"status":"passed","message":"","name":"/home/rmans/projects/code-builder/test/hello.test.ts"}]}